<?xml version="1.0" encoding="UTF-8"?>
<!-- Generated by org.testng.reporters.JUnitXMLReporter -->
<testsuite hostname="LAPTOP-20UQJTOP" ignored="2" name="Defsult Test" tests="2" failures="1" timestamp="15 Sep 2021 05:08:46 GMT" time="0.052" errors="0">
  <testcase name="tc4" time="0.013" classname="com.execution.test"/>
  <testcase name="tc2" time="0.004" classname="com.execution.test">
    <failure type="java.lang.AssertionError" message="expected [true] but found [false]">
      <![CDATA[java.lang.AssertionError: expected [true] but found [false]
at com.execution.test.tc2(test.java:14)
... Removed 29 stack frames]]>
    </failure>
  </testcase> <!-- tc2 -->
  <testcase name="tc3" time="0.0" classname="com.execution.test">
    <ignored/>
  </testcase> <!-- tc3 -->
  <testcase name="tc1" time="0.0" classname="com.execution.test">
    <ignored/>
  </testcase> <!-- tc1 -->
</testsuite> <!-- Defsult Test -->
